d:\gabi\workspace\programming\projects\opengl\openglvideogame\openglvideogame\x64\debug\vc142.pdb
d:\gabi\workspace\programming\projects\opengl\openglvideogame\openglvideogame\x64\debug\vc142.idb
d:\gabi\workspace\programming\projects\opengl\openglvideogame\openglvideogame\x64\debug\glad.obj
d:\gabi\workspace\programming\projects\opengl\openglvideogame\openglvideogame\x64\debug\source_using_shaderclass.obj
d:\gabi\workspace\programming\projects\opengl\openglvideogame\openglvideogame\x64\debug\shader.obj
d:\gabi\workspace\programming\projects\opengl\openglvideogame\openglvideogame\x64\debug\source_texture_converter.obj
d:\gabi\workspace\programming\projects\opengl\openglvideogame\openglvideogame\x64\debug\source_textures.obj
d:\gabi\workspace\programming\projects\opengl\openglvideogame\openglvideogame\x64\debug\source_transformations.obj
d:\gabi\workspace\programming\projects\opengl\openglvideogame\openglvideogame\x64\debug\source_coordsystems.obj
d:\gabi\workspace\programming\projects\opengl\openglvideogame\openglvideogame\x64\debug\source_camera.obj
d:\gabi\workspace\programming\projects\opengl\openglvideogame\openglvideogame\x64\debug\texture.obj
d:\gabi\workspace\programming\projects\opengl\openglvideogame\openglvideogame\x64\debug\renderer.obj
d:\gabi\workspace\programming\projects\opengl\openglvideogame\openglvideogame\x64\debug\main.obj
d:\gabi\workspace\programming\projects\opengl\openglvideogame\openglvideogame\x64\debug\resource_manager.obj
d:\gabi\workspace\programming\projects\opengl\openglvideogame\openglvideogame\x64\debug\spriterenderer.obj
d:\gabi\workspace\programming\projects\opengl\openglvideogame\openglvideogame\x64\debug\game.obj
d:\gabi\workspace\programming\projects\opengl\openglvideogame\x64\debug\openglvideogame.exe
d:\gabi\workspace\programming\projects\opengl\openglvideogame\x64\debug\openglvideogame.ilk
d:\gabi\workspace\programming\projects\opengl\openglvideogame\x64\debug\openglvideogame.pdb
d:\gabi\workspace\programming\projects\opengl\openglvideogame\openglvideogame\x64\debug\camera.obj
d:\gabi\workspace\programming\projects\opengl\openglvideogame\openglvideogame\x64\debug\openglvideogame.tlog\cl.command.1.tlog
d:\gabi\workspace\programming\projects\opengl\openglvideogame\openglvideogame\x64\debug\openglvideogame.tlog\cl.read.1.tlog
d:\gabi\workspace\programming\projects\opengl\openglvideogame\openglvideogame\x64\debug\openglvideogame.tlog\cl.write.1.tlog
d:\gabi\workspace\programming\projects\opengl\openglvideogame\openglvideogame\x64\debug\openglvideogame.tlog\link.command.1.tlog
d:\gabi\workspace\programming\projects\opengl\openglvideogame\openglvideogame\x64\debug\openglvideogame.tlog\link.read.1.tlog
d:\gabi\workspace\programming\projects\opengl\openglvideogame\openglvideogame\x64\debug\openglvideogame.tlog\link.write.1.tlog
